d:\gg1\учеба\какое то портфолио\2048\2048\debug\vc142.pdb
d:\gg1\учеба\какое то портфолио\2048\2048\debug\vc142.idb
d:\gg1\учеба\какое то портфолио\2048\2048\debug\game2048.obj
d:\gg1\учеба\какое то портфолио\2048\2048\debug\2048.obj
f:\какое то портфолио\2048\2048\debug\vc143.pdb
f:\какое то портфолио\2048\2048\debug\vc143.idb
f:\какое то портфолио\2048\2048\debug\game2048.obj
f:\какое то портфолио\2048\2048\debug\2048.obj
d:\gg1\учеба\какое то портфолио\2048\debug\2048.exe
d:\gg1\учеба\какое то портфолио\2048\debug\2048.ilk
d:\gg1\учеба\какое то портфолио\2048\debug\2048.pdb
f:\какое то портфолио\2048\2048\debug\2048.ilk
f:\какое то портфолио\2048\debug\2048.exe
f:\какое то портфолио\2048\debug\2048.pdb
f:\какое то портфолио\2048\2048\debug\vc142.idb
f:\какое то портфолио\2048\2048\debug\vc142.pdb
f:\какое то портфолио\2048\debug\2048.ilk
f:\какое то портфолио\2048\2048\debug\2048.tlog\cl.command.1.tlog
f:\какое то портфолио\2048\2048\debug\2048.tlog\cl.read.1.tlog
f:\какое то портфолио\2048\2048\debug\2048.tlog\cl.write.1.tlog
f:\какое то портфолио\2048\2048\debug\2048.tlog\link.command.1.tlog
f:\какое то портфолио\2048\2048\debug\2048.tlog\link.read.1.tlog
f:\какое то портфолио\2048\2048\debug\2048.tlog\link.write.1.tlog
